<?xml version="1.0" encoding="UTF-8"?>
<testng-results ignored="0" total="3" passed="3" failed="0" skipped="0">
  <reporter-output>
  </reporter-output>
  <suite started-at="2025-04-21T19:57:07 GMT+03:00" name="Default suite" finished-at="2025-04-21T19:57:17 GMT+03:00" duration-ms="9825">
    <groups>
    </groups>
    <test started-at="2025-04-21T19:57:07 GMT+03:00" name="Default test" finished-at="2025-04-21T19:57:17 GMT+03:00" duration-ms="9825">
      <class name="codenboxautomationlab1.codenboxautomationlab1.AppTest">
        <test-method is-config="true" signature="mySetup()[pri:0, instance:codenboxautomationlab1.codenboxautomationlab1.AppTest@302a07d]" started-at="2025-04-21T19:57:07 GMT+03:00" name="mySetup" finished-at="2025-04-21T19:57:14 GMT+03:00" duration-ms="6887" status="PASS">
          <reporter-output>
          </reporter-output>
        </test-method> <!-- mySetup -->
        <test-method signature="RadioButton()[pri:1, instance:codenboxautomationlab1.codenboxautomationlab1.AppTest@302a07d]" started-at="2025-04-21T19:57:14 GMT+03:00" name="RadioButton" finished-at="2025-04-21T19:57:14 GMT+03:00" duration-ms="245" status="PASS">
          <reporter-output>
          </reporter-output>
        </test-method> <!-- RadioButton -->
        <test-method signature="Dynamic_Dropdown()[pri:2, instance:codenboxautomationlab1.codenboxautomationlab1.AppTest@302a07d]" started-at="2025-04-21T19:57:14 GMT+03:00" name="Dynamic_Dropdown" finished-at="2025-04-21T19:57:16 GMT+03:00" duration-ms="2251" status="PASS">
          <reporter-output>
          </reporter-output>
        </test-method> <!-- Dynamic_Dropdown -->
        <test-method signature="Static_Dropdown()[pri:3, instance:codenboxautomationlab1.codenboxautomationlab1.AppTest@302a07d]" started-at="2025-04-21T19:57:16 GMT+03:00" name="Static_Dropdown" finished-at="2025-04-21T19:57:17 GMT+03:00" duration-ms="277" status="PASS">
          <reporter-output>
          </reporter-output>
        </test-method> <!-- Static_Dropdown -->
      </class> <!-- codenboxautomationlab1.codenboxautomationlab1.AppTest -->
    </test> <!-- Default test -->
  </suite> <!-- Default suite -->
</testng-results>
